<?xml version="1.0" encoding="UTF-8"?>
<!-- Generated by org.testng.reporters.JUnitXMLReporter -->
<testsuite ignored="2" hostname="HeartPC" failures="0" tests="1" name="Default test" time="12.736" errors="0" timestamp="2023-01-01T12:37:59 SGT">
  <testcase classname="End2EndProjects.Guru99Bank.AppTest" name="changePassword" time="2.905"/>
  <testcase classname="End2EndProjects.Guru99Bank.AppTest" name="loginErrorTest" time="0.0">
    <ignored/>
  </testcase> <!-- loginErrorTest -->
  <testcase classname="End2EndProjects.Guru99Bank.AppTest" name="loginTest" time="0.0">
    <ignored/>
  </testcase> <!-- loginTest -->
</testsuite> <!-- Default test -->
